[周四 2022/10/06 15:13:00.09] Program started. TargetWifi:Cookie987 
[周四 2022/10/06 15:13:00.09] Successful unlock. 
[周四 2022/10/06 15:13:03.57] Program started. TargetWifi:Cookie987 
[周四 2022/10/06 15:13:03.57] Unlock failed. 
[周四 2022/10/06 15:13:07.40] Unlock failed. 
[周四 2022/10/06 15:13:50.30] Successful unlock. 
[周四 2022/10/06 15:15:11.53] Program started. TargetWifi:Cookie987 
[周四 2022/10/06 15:15:11.53] Successful unlock. 
[周四 2022/10/06 15:16:11.27] Program started. TargetWifi:Cookie987 
[周四 2022/10/06 15:16:11.27] Successful unlock. 
[周四 2022/10/06 15:16:14.10] Program started. TargetWifi:Cookie987 
[周四 2022/10/06 15:16:14.10] Unlock failed. 
[周四 2022/10/06 15:16:18.11] Unlock failed. 
[周四 2022/10/06 15:16:18.92] Unlock failed. 
[周四 2022/10/06 15:16:19.63] Unlock failed. 
[周四 2022/10/06 15:16:30.03] Successful unlock. 
[周四 2022/10/06 15:18:00.92] Program started. TargetWifi:Cookie987 
[周四 2022/10/06 15:18:00.94] Successful unlock. 
[周四 2022/10/06 15:18:30.35] Program started. TargetWifi:Cookie987 
[周四 2022/10/06 15:18:30.36] Successful unlock. 
[周四 2022/10/06 15:23:55.24] Program started. TargetWifi:987 
[周四 2022/10/06 15:23:55.25] Successful unlock. 
[周四 2022/10/06 15:27:13.27] Program started. TargetWifi:987 
[周四 2022/10/06 15:27:13.29] Successful unlock. 
[周四 2022/10/06 15:28:30.66] Program started. TargetWifi:987 
[周四 2022/10/06 15:28:30.69] Successful unlock. 
[周四 2022/10/06 15:29:42.74] Program started. TargetWifi:987 
[周四 2022/10/06 15:29:42.76] Successful unlock. 
[周四 2022/10/06 15:45:29.00] Program started. TargetWifi:987 
[周四 2022/10/06 15:45:29.03] Successful unlock. 
[周四 2022/10/06 15:49:42.23] Program started. TargetWifi:987 
[周四 2022/10/06 15:49:42.26] Successful unlock. 
[周四 2022/10/06 15:58:47.96] Program started. TargetWifi:987 
[周四 2022/10/06 17:55:46.11] Program started. TargetWifi:987 
[周四 2022/10/06 17:55:46.14] Successful unlock. 
[周四 2022/10/06 17:55:55.19] Program started. TargetWifi:987 
[周四 2022/10/06 17:55:55.20] Successful unlock. 
[周日 2022/10/09 19:54:50.70] Program started. TargetWifi:987 
[周日 2022/10/09 19:54:50.76] Successful unlock. 
